<?xml version="1.0" encoding="UTF-8"?>
<!-- Generated by org.testng.reporters.JUnitReportReporter -->
<testsuite hostname="DESKTOP-137NM9T" failures="0" tests="1" name="com.qa.Testcases.LoginTest" time="8.776" errors="0" timestamp="2024-01-12T15:53:06 EST" skipped="0">
  <testcase classname="com.qa.Testcases.LoginTest" name="loginWithValidCredentials" time="8.776"/>
</testsuite> <!-- com.qa.Testcases.LoginTest -->
